<?xml version="1.0" encoding="UTF-8"?>
<!-- Generated by org.testng.reporters.JUnitXMLReporter -->
<testsuite ignored="0" hostname="KhuShbhuus-MacBook-Air.local" failures="0" tests="5" name="Surefire test" time="99.827" errors="0" timestamp="2026-04-09T15:46:10 IST">
  <testcase classname="TestClasses.LoginTest" name="executeLogin" time="6.365"/>
  <testcase classname="TestClasses.CreateNewAppointmentTest" name="createNewAppointment" time="8.801"/>
  <testcase classname="TestClasses.CreateNewAppointmentTest" name="createNewAppointment" time="8.659"/>
  <testcase classname="TestClasses.LogoutTest" name="logOut" time="5.568"/>
  <testcase classname="TestClasses.BookedAppointmentTest" name="verifyAppointmentHistory" time="11.916"/>
</testsuite> <!-- Surefire test -->
