<?xml version="1.0" encoding="UTF-8"?>
<!-- Generated by org.testng.reporters.JUnitXMLReporter -->
<testsuite ignored="0" hostname="KhuShbhuus-MacBook-Air.local" failures="0" tests="5" name="Surefire test" time="91.94" errors="0" timestamp="2026-04-09T21:14:34 IST">
  <testcase classname="TestClasses.LoginTest" name="executeLogin" time="5.842"/>
  <testcase classname="TestClasses.CreateNewAppointmentTest" name="createNewAppointment" time="7.747"/>
  <testcase classname="TestClasses.CreateNewAppointmentTest" name="createNewAppointment" time="8.553"/>
  <testcase classname="TestClasses.LogoutTest" name="logOut" time="5.895"/>
  <testcase classname="TestClasses.BookedAppointmentTest" name="verifyAppointmentHistory" time="15.324"/>
</testsuite> <!-- Surefire test -->
