<?xml version="1.0" encoding="UTF-8"?>
<!-- Generated by org.testng.reporters.JUnitXMLReporter -->
<testsuite ignored="0" hostname="KhuShbhuus-MacBook-Air.local" failures="0" tests="5" name="Test" time="124.519" errors="0" timestamp="2026-04-09T15:18:01 IST">
  <testcase classname="TestClasses.LoginTest" name="executeLogin" time="6.96"/>
  <testcase classname="TestClasses.CreateNewAppointmentTest" name="createNewAppointment" time="8.883"/>
  <testcase classname="TestClasses.CreateNewAppointmentTest" name="createNewAppointment" time="9.015"/>
  <testcase classname="TestClasses.BookedAppointmentTest" name="verifyAppointmentHistory" time="11.814"/>
  <testcase classname="TestClasses.LogoutTest" name="logOut" time="7.029"/>
</testsuite> <!-- Test -->
