<?xml version="1.0" encoding="UTF-8"?>
<!-- Generated by org.testng.reporters.JUnitXMLReporter -->
<testsuite ignored="0" hostname="SAURABH" failures="0" tests="4" name="Test" time="44.031" errors="0" timestamp="2026-04-06T07:36:11 IST">
  <testcase classname="TestClasses.LoginTest" name="executeLogin" time="4.878"/>
  <testcase classname="TestClasses.CreateNewAppointmentTest" name="createNewAppointment" time="6.993"/>
  <testcase classname="TestClasses.CreateNewAppointmentTest" name="createNewAppointment" time="7.001"/>
  <testcase classname="TestClasses.LogoutTest" name="logOut" time="4.969"/>
</testsuite> <!-- Test -->
