<?xml version="1.0" encoding="UTF-8"?>
<testng-results ignored="0" total="5" passed="5" failed="0" skipped="0">
  <reporter-output>
    <line>
      <![CDATA[Opening Browser for Test Execution ]]>
    </line>
    <line>
      <![CDATA[Login Test Case Successfull]]>
    </line>
    <line>
      <![CDATA[Test Case Successfull]]>
    </line>
    <line>
      <![CDATA[Opening Browser for Test Execution ]]>
    </line>
    <line>
      <![CDATA[Login Test Case Successfull]]>
    </line>
    <line>
      <![CDATA[Test Case Successfull]]>
    </line>
    <line>
      <![CDATA[Opening Browser for Test Execution ]]>
    </line>
    <line>
      <![CDATA[Login Test Case Successfull]]>
    </line>
    <line>
      <![CDATA[Test Case Successfull]]>
    </line>
    <line>
      <![CDATA[Opening Browser for Test Execution ]]>
    </line>
    <line>
      <![CDATA[Login Test Case Successfull]]>
    </line>
    <line>
      <![CDATA[Test Case Successfull]]>
    </line>
    <line>
      <![CDATA[Opening Browser for Test Execution ]]>
    </line>
    <line>
      <![CDATA[Login Test Case Successfull]]>
    </line>
    <line>
      <![CDATA[Appointment booked for date: 25/05/2026]]>
    </line>
    <line>
      <![CDATA[Appointment booked for date: 30/05/2026]]>
    </line>
    <line>
      <![CDATA[Total appointments found in history: 2]]>
    </line>
    <line>
      <![CDATA[Comments verified successfully in History Page]]>
    </line>
    <line>
      <![CDATA[Test Case Successfull]]>
    </line>
  </reporter-output>
  <suite started-at="2026-04-09T21:12:57 IST" name="Surefire suite" finished-at="2026-04-09T21:14:29 IST" duration-ms="91940">
    <groups>
      <group name="sanity">
        <method signature="BookedAppointmentTest.verifyAppointmentHistory()[pri:0, instance:TestClasses.BookedAppointmentTest@13c9d689]" name="verifyAppointmentHistory" class="TestClasses.BookedAppointmentTest"/>
        <method signature="CreateNewAppointmentTest.createNewAppointment(java.lang.String,java.lang.String)[pri:0, instance:TestClasses.CreateNewAppointmentTest@36fc695d]" name="createNewAppointment" class="TestClasses.CreateNewAppointmentTest"/>
        <method signature="LoginTest.executeLogin()[pri:0, instance:TestClasses.LoginTest@7c7b252e]" name="executeLogin" class="TestClasses.LoginTest"/>
        <method signature="LogoutTest.logOut()[pri:0, instance:TestClasses.LogoutTest@28701274]" name="logOut" class="TestClasses.LogoutTest"/>
      </group> <!-- sanity -->
    </groups>
    <test started-at="2026-04-09T21:12:57 IST" name="Surefire test" finished-at="2026-04-09T21:14:29 IST" duration-ms="91940">
      <class name="TestClasses.CreateNewAppointmentTest">
        <test-method is-config="true" signature="launchBrowser()[pri:0, instance:TestClasses.CreateNewAppointmentTest@36fc695d]" started-at="2026-04-09T21:13:10 IST" name="launchBrowser" finished-at="2026-04-09T21:13:15 IST" duration-ms="5306" status="PASS">
          <reporter-output>
          </reporter-output>
        </test-method> <!-- launchBrowser -->
        <test-method signature="createNewAppointment(java.lang.String,java.lang.String)[pri:0, instance:TestClasses.CreateNewAppointmentTest@36fc695d]" started-at="2026-04-09T21:13:15 IST" name="createNewAppointment" data-provider="bookAppointment" finished-at="2026-04-09T21:13:23 IST" duration-ms="7747" status="PASS">
          <params>
            <param index="0">
              <value>
                <![CDATA[22/04/2026]]>
              </value>
            </param>
            <param index="1">
              <value>
                <![CDATA[Need to visit a Dentist for cavities ,its urgent]]>
              </value>
            </param>
          </params>
          <reporter-output>
            <line>
              <![CDATA[Opening Browser for Test Execution ]]>
            </line>
            <line>
              <![CDATA[Login Test Case Successfull]]>
            </line>
            <line>
              <![CDATA[Test Case Successfull]]>
            </line>
          </reporter-output>
        </test-method> <!-- createNewAppointment -->
        <test-method is-config="true" signature="closeBrowser()[pri:0, instance:TestClasses.CreateNewAppointmentTest@36fc695d]" started-at="2026-04-09T21:13:23 IST" name="closeBrowser" finished-at="2026-04-09T21:13:23 IST" duration-ms="199" status="PASS">
          <reporter-output>
          </reporter-output>
        </test-method> <!-- closeBrowser -->
        <test-method is-config="true" signature="launchBrowser()[pri:0, instance:TestClasses.CreateNewAppointmentTest@36fc695d]" started-at="2026-04-09T21:13:23 IST" name="launchBrowser" finished-at="2026-04-09T21:13:31 IST" duration-ms="7260" status="PASS">
          <reporter-output>
          </reporter-output>
        </test-method> <!-- launchBrowser -->
        <test-method signature="createNewAppointment(java.lang.String,java.lang.String)[pri:0, instance:TestClasses.CreateNewAppointmentTest@36fc695d]" started-at="2026-04-09T21:13:31 IST" name="createNewAppointment" data-provider="bookAppointment" finished-at="2026-04-09T21:13:39 IST" duration-ms="8553" status="PASS">
          <params>
            <param index="0">
              <value>
                <![CDATA[28/04/2026]]>
              </value>
            </param>
            <param index="1">
              <value>
                <![CDATA[Need to visit a physician]]>
              </value>
            </param>
          </params>
          <reporter-output>
            <line>
              <![CDATA[Opening Browser for Test Execution ]]>
            </line>
            <line>
              <![CDATA[Login Test Case Successfull]]>
            </line>
            <line>
              <![CDATA[Test Case Successfull]]>
            </line>
          </reporter-output>
        </test-method> <!-- createNewAppointment -->
        <test-method is-config="true" signature="closeBrowser()[pri:0, instance:TestClasses.CreateNewAppointmentTest@36fc695d]" started-at="2026-04-09T21:13:39 IST" name="closeBrowser" finished-at="2026-04-09T21:13:39 IST" duration-ms="235" status="PASS">
          <reporter-output>
          </reporter-output>
        </test-method> <!-- closeBrowser -->
      </class> <!-- TestClasses.CreateNewAppointmentTest -->
      <class name="TestClasses.LogoutTest">
        <test-method is-config="true" signature="launchBrowser()[pri:0, instance:TestClasses.LogoutTest@28701274]" started-at="2026-04-09T21:13:39 IST" name="launchBrowser" finished-at="2026-04-09T21:13:45 IST" duration-ms="5537" status="PASS">
          <reporter-output>
          </reporter-output>
        </test-method> <!-- launchBrowser -->
        <test-method signature="logOut()[pri:0, instance:TestClasses.LogoutTest@28701274]" started-at="2026-04-09T21:13:45 IST" name="logOut" finished-at="2026-04-09T21:13:51 IST" duration-ms="5895" status="PASS">
          <reporter-output>
            <line>
              <![CDATA[Opening Browser for Test Execution ]]>
            </line>
            <line>
              <![CDATA[Login Test Case Successfull]]>
            </line>
            <line>
              <![CDATA[Test Case Successfull]]>
            </line>
          </reporter-output>
        </test-method> <!-- logOut -->
        <test-method is-config="true" signature="closeBrowser()[pri:0, instance:TestClasses.LogoutTest@28701274]" started-at="2026-04-09T21:13:51 IST" name="closeBrowser" finished-at="2026-04-09T21:13:51 IST" duration-ms="187" status="PASS">
          <reporter-output>
          </reporter-output>
        </test-method> <!-- closeBrowser -->
      </class> <!-- TestClasses.LogoutTest -->
      <class name="TestClasses.LoginTest">
        <test-method is-config="true" signature="launchBrowser()[pri:0, instance:TestClasses.LoginTest@7c7b252e]" started-at="2026-04-09T21:12:57 IST" name="launchBrowser" finished-at="2026-04-09T21:13:04 IST" duration-ms="7014" status="PASS">
          <reporter-output>
          </reporter-output>
        </test-method> <!-- launchBrowser -->
        <test-method signature="executeLogin()[pri:0, instance:TestClasses.LoginTest@7c7b252e]" started-at="2026-04-09T21:13:04 IST" name="executeLogin" finished-at="2026-04-09T21:13:10 IST" duration-ms="5842" status="PASS">
          <reporter-output>
            <line>
              <![CDATA[Opening Browser for Test Execution ]]>
            </line>
            <line>
              <![CDATA[Login Test Case Successfull]]>
            </line>
            <line>
              <![CDATA[Test Case Successfull]]>
            </line>
          </reporter-output>
        </test-method> <!-- executeLogin -->
        <test-method is-config="true" signature="closeBrowser()[pri:0, instance:TestClasses.LoginTest@7c7b252e]" started-at="2026-04-09T21:13:10 IST" name="closeBrowser" finished-at="2026-04-09T21:13:10 IST" duration-ms="239" status="PASS">
          <reporter-output>
          </reporter-output>
        </test-method> <!-- closeBrowser -->
      </class> <!-- TestClasses.LoginTest -->
      <class name="TestClasses.BookedAppointmentTest">
        <test-method is-config="true" signature="launchBrowser()[pri:0, instance:TestClasses.BookedAppointmentTest@13c9d689]" started-at="2026-04-09T21:13:51 IST" name="launchBrowser" finished-at="2026-04-09T21:14:05 IST" duration-ms="13742" status="PASS">
          <reporter-output>
          </reporter-output>
        </test-method> <!-- launchBrowser -->
        <test-method signature="verifyAppointmentHistory()[pri:0, instance:TestClasses.BookedAppointmentTest@13c9d689]" started-at="2026-04-09T21:14:05 IST" name="verifyAppointmentHistory" finished-at="2026-04-09T21:14:20 IST" duration-ms="15324" status="PASS">
          <reporter-output>
            <line>
              <![CDATA[Opening Browser for Test Execution ]]>
            </line>
            <line>
              <![CDATA[Login Test Case Successfull]]>
            </line>
            <line>
              <![CDATA[Appointment booked for date: 25/05/2026]]>
            </line>
            <line>
              <![CDATA[Appointment booked for date: 30/05/2026]]>
            </line>
            <line>
              <![CDATA[Total appointments found in history: 2]]>
            </line>
            <line>
              <![CDATA[Comments verified successfully in History Page]]>
            </line>
            <line>
              <![CDATA[Test Case Successfull]]>
            </line>
          </reporter-output>
        </test-method> <!-- verifyAppointmentHistory -->
        <test-method is-config="true" signature="closeBrowser()[pri:0, instance:TestClasses.BookedAppointmentTest@13c9d689]" started-at="2026-04-09T21:14:20 IST" name="closeBrowser" finished-at="2026-04-09T21:14:29 IST" duration-ms="8770" status="PASS">
          <reporter-output>
          </reporter-output>
        </test-method> <!-- closeBrowser -->
      </class> <!-- TestClasses.BookedAppointmentTest -->
    </test> <!-- Surefire test -->
  </suite> <!-- Surefire suite -->
</testng-results>
