<?xml version="1.0" encoding="UTF-8"?>
<testng-results ignored="0" total="1" passed="1" failed="0" skipped="0">
  <reporter-output>
    <line>
      <![CDATA[Opening Browser for Test Execution ]]>
    </line>
    <line>
      <![CDATA[Login Test Case Successfull]]>
    </line>
    <line>
      <![CDATA[Appointment booked for date: 25/05/2026]]>
    </line>
    <line>
      <![CDATA[Appointment booked for date: 30/05/2026]]>
    </line>
    <line>
      <![CDATA[Total appointments found in history: 2]]>
    </line>
    <line>
      <![CDATA[Comments verified successfully in History Page]]>
    </line>
    <line>
      <![CDATA[Test Case Successfull]]>
    </line>
  </reporter-output>
  <suite started-at="2026-04-09T15:43:02 IST" name="Default suite" finished-at="2026-04-09T15:43:40 IST" duration-ms="38877">
    <groups>
      <group name="sanity">
        <method signature="BookedAppointmentTest.verifyAppointmentHistory()[pri:0, instance:TestClasses.BookedAppointmentTest@2dc54ad4]" name="verifyAppointmentHistory" class="TestClasses.BookedAppointmentTest"/>
      </group> <!-- sanity -->
    </groups>
    <test started-at="2026-04-09T15:43:02 IST" name="Default test" finished-at="2026-04-09T15:43:40 IST" duration-ms="38877">
      <class name="TestClasses.BookedAppointmentTest">
        <test-method is-config="true" signature="launchBrowser()[pri:0, instance:TestClasses.BookedAppointmentTest@2dc54ad4]" started-at="2026-04-09T15:43:02 IST" name="launchBrowser" finished-at="2026-04-09T15:43:15 IST" duration-ms="13008" status="PASS">
          <reporter-output>
          </reporter-output>
        </test-method> <!-- launchBrowser -->
        <test-method signature="verifyAppointmentHistory()[pri:0, instance:TestClasses.BookedAppointmentTest@2dc54ad4]" started-at="2026-04-09T15:43:15 IST" name="verifyAppointmentHistory" finished-at="2026-04-09T15:43:30 IST" duration-ms="15283" status="PASS">
          <reporter-output>
            <line>
              <![CDATA[Opening Browser for Test Execution ]]>
            </line>
            <line>
              <![CDATA[Login Test Case Successfull]]>
            </line>
            <line>
              <![CDATA[Appointment booked for date: 25/05/2026]]>
            </line>
            <line>
              <![CDATA[Appointment booked for date: 30/05/2026]]>
            </line>
            <line>
              <![CDATA[Total appointments found in history: 2]]>
            </line>
            <line>
              <![CDATA[Comments verified successfully in History Page]]>
            </line>
            <line>
              <![CDATA[Test Case Successfull]]>
            </line>
          </reporter-output>
        </test-method> <!-- verifyAppointmentHistory -->
        <test-method is-config="true" signature="closeBrowser()[pri:0, instance:TestClasses.BookedAppointmentTest@2dc54ad4]" started-at="2026-04-09T15:43:30 IST" name="closeBrowser" finished-at="2026-04-09T15:43:40 IST" duration-ms="10327" status="PASS">
          <reporter-output>
          </reporter-output>
        </test-method> <!-- closeBrowser -->
      </class> <!-- TestClasses.BookedAppointmentTest -->
    </test> <!-- Default test -->
  </suite> <!-- Default suite -->
</testng-results>
