<?xml version="1.0" encoding="UTF-8"?>
<testng-results ignored="0" total="4" passed="4" failed="0" skipped="0">
  <reporter-output>
    <line>
      <![CDATA[Opening Browser for Test Execution ]]>
    </line>
    <line>
      <![CDATA[Test Case Successfull]]>
    </line>
    <line>
      <![CDATA[Opening Browser for Test Execution ]]>
    </line>
    <line>
      <![CDATA[Test Case Successfull]]>
    </line>
    <line>
      <![CDATA[Opening Browser for Test Execution ]]>
    </line>
    <line>
      <![CDATA[Test Case Successfull]]>
    </line>
    <line>
      <![CDATA[Opening Browser for Test Execution ]]>
    </line>
    <line>
      <![CDATA[Test Case Successfull]]>
    </line>
  </reporter-output>
  <suite started-at="2026-04-06T07:35:27 IST" name="Suite" finished-at="2026-04-06T07:36:11 IST" duration-ms="44031">
    <groups>
      <group name="sanity">
        <method signature="CreateNewAppointmentTest.createNewAppointment(java.lang.String,java.lang.String)[pri:0, instance:TestClasses.CreateNewAppointmentTest@4686afc2]" name="createNewAppointment" class="TestClasses.CreateNewAppointmentTest"/>
        <method signature="LoginTest.executeLogin()[pri:0, instance:TestClasses.LoginTest@55634720]" name="executeLogin" class="TestClasses.LoginTest"/>
        <method signature="LogoutTest.logOut()[pri:0, instance:TestClasses.LogoutTest@1e0b4072]" name="logOut" class="TestClasses.LogoutTest"/>
      </group> <!-- sanity -->
    </groups>
    <test started-at="2026-04-06T07:35:27 IST" name="Test" finished-at="2026-04-06T07:36:11 IST" duration-ms="44031">
      <class name="TestClasses.CreateNewAppointmentTest">
        <test-method is-config="true" signature="launchBrowser()[pri:0, instance:TestClasses.CreateNewAppointmentTest@4686afc2]" started-at="2026-04-06T07:35:37 IST" name="launchBrowser" finished-at="2026-04-06T07:35:42 IST" duration-ms="4393" status="PASS">
          <reporter-output>
          </reporter-output>
        </test-method> <!-- launchBrowser -->
        <test-method signature="createNewAppointment(java.lang.String,java.lang.String)[pri:0, instance:TestClasses.CreateNewAppointmentTest@4686afc2]" started-at="2026-04-06T07:35:42 IST" name="createNewAppointment" data-provider="bookAppointment" finished-at="2026-04-06T07:35:49 IST" duration-ms="6993" status="PASS">
          <params>
            <param index="0">
              <value>
                <![CDATA[22/04/2026]]>
              </value>
            </param>
            <param index="1">
              <value>
                <![CDATA[Need to visit a Dentist for cavities ,its urgent]]>
              </value>
            </param>
          </params>
          <reporter-output>
            <line>
              <![CDATA[Opening Browser for Test Execution ]]>
            </line>
            <line>
              <![CDATA[Test Case Successfull]]>
            </line>
          </reporter-output>
        </test-method> <!-- createNewAppointment -->
        <test-method is-config="true" signature="closeBrowser()[pri:0, instance:TestClasses.CreateNewAppointmentTest@4686afc2]" started-at="2026-04-06T07:35:49 IST" name="closeBrowser" finished-at="2026-04-06T07:35:49 IST" duration-ms="334" status="PASS">
          <reporter-output>
          </reporter-output>
        </test-method> <!-- closeBrowser -->
        <test-method is-config="true" signature="launchBrowser()[pri:0, instance:TestClasses.CreateNewAppointmentTest@4686afc2]" started-at="2026-04-06T07:35:49 IST" name="launchBrowser" finished-at="2026-04-06T07:35:54 IST" duration-ms="4579" status="PASS">
          <reporter-output>
          </reporter-output>
        </test-method> <!-- launchBrowser -->
        <test-method signature="createNewAppointment(java.lang.String,java.lang.String)[pri:0, instance:TestClasses.CreateNewAppointmentTest@4686afc2]" started-at="2026-04-06T07:35:54 IST" name="createNewAppointment" data-provider="bookAppointment" finished-at="2026-04-06T07:36:01 IST" duration-ms="7001" status="PASS">
          <params>
            <param index="0">
              <value>
                <![CDATA[28/04/2026]]>
              </value>
            </param>
            <param index="1">
              <value>
                <![CDATA[Need to visit a physician]]>
              </value>
            </param>
          </params>
          <reporter-output>
            <line>
              <![CDATA[Opening Browser for Test Execution ]]>
            </line>
            <line>
              <![CDATA[Test Case Successfull]]>
            </line>
          </reporter-output>
        </test-method> <!-- createNewAppointment -->
        <test-method is-config="true" signature="closeBrowser()[pri:0, instance:TestClasses.CreateNewAppointmentTest@4686afc2]" started-at="2026-04-06T07:36:01 IST" name="closeBrowser" finished-at="2026-04-06T07:36:01 IST" duration-ms="302" status="PASS">
          <reporter-output>
          </reporter-output>
        </test-method> <!-- closeBrowser -->
      </class> <!-- TestClasses.CreateNewAppointmentTest -->
      <class name="TestClasses.LogoutTest">
        <test-method is-config="true" signature="launchBrowser()[pri:0, instance:TestClasses.LogoutTest@1e0b4072]" started-at="2026-04-06T07:36:01 IST" name="launchBrowser" finished-at="2026-04-06T07:36:06 IST" duration-ms="4550" status="PASS">
          <reporter-output>
          </reporter-output>
        </test-method> <!-- launchBrowser -->
        <test-method signature="logOut()[pri:0, instance:TestClasses.LogoutTest@1e0b4072]" started-at="2026-04-06T07:36:06 IST" name="logOut" finished-at="2026-04-06T07:36:11 IST" duration-ms="4969" status="PASS">
          <reporter-output>
            <line>
              <![CDATA[Opening Browser for Test Execution ]]>
            </line>
            <line>
              <![CDATA[Test Case Successfull]]>
            </line>
          </reporter-output>
        </test-method> <!-- logOut -->
        <test-method is-config="true" signature="closeBrowser()[pri:0, instance:TestClasses.LogoutTest@1e0b4072]" started-at="2026-04-06T07:36:11 IST" name="closeBrowser" finished-at="2026-04-06T07:36:11 IST" duration-ms="268" status="PASS">
          <reporter-output>
          </reporter-output>
        </test-method> <!-- closeBrowser -->
      </class> <!-- TestClasses.LogoutTest -->
      <class name="TestClasses.LoginTest">
        <test-method is-config="true" signature="launchBrowser()[pri:0, instance:TestClasses.LoginTest@55634720]" started-at="2026-04-06T07:35:27 IST" name="launchBrowser" finished-at="2026-04-06T07:35:32 IST" duration-ms="5364" status="PASS">
          <reporter-output>
          </reporter-output>
        </test-method> <!-- launchBrowser -->
        <test-method signature="executeLogin()[pri:0, instance:TestClasses.LoginTest@55634720]" started-at="2026-04-06T07:35:32 IST" name="executeLogin" finished-at="2026-04-06T07:35:37 IST" duration-ms="4878" status="PASS">
          <reporter-output>
            <line>
              <![CDATA[Opening Browser for Test Execution ]]>
            </line>
            <line>
              <![CDATA[Test Case Successfull]]>
            </line>
          </reporter-output>
        </test-method> <!-- executeLogin -->
        <test-method is-config="true" signature="closeBrowser()[pri:0, instance:TestClasses.LoginTest@55634720]" started-at="2026-04-06T07:35:37 IST" name="closeBrowser" finished-at="2026-04-06T07:35:37 IST" duration-ms="306" status="PASS">
          <reporter-output>
          </reporter-output>
        </test-method> <!-- closeBrowser -->
      </class> <!-- TestClasses.LoginTest -->
    </test> <!-- Test -->
  </suite> <!-- Suite -->
</testng-results>
