<?xml version="1.0" encoding="UTF-8"?>
<!-- Generated by org.testng.reporters.JUnitReportReporter -->
<testsuite hostname="KhuShbhuus-MacBook-Air.local" failures="0" tests="1" name="TestClasses.LoginTest" time="27.163" errors="0" timestamp="2026-04-09T15:18:01 IST" skipped="0">
  <testcase classname="TestClasses.LoginTest" name="executeLogin" time="27.163"/>
  <system-out>
    <![CDATA[Opening Browser for Test Execution 
Login Test Case Successfull
Test Case Successfull]]>
  </system-out>
</testsuite> <!-- TestClasses.LoginTest -->
