<?xml version="1.0" encoding="UTF-8"?>
<!-- Generated by org.testng.reporters.JUnitReportReporter -->
<testsuite hostname="SAURABH" failures="0" tests="2" name="TestClasses.CreateNewAppointmentTest" time="23.602" errors="0" timestamp="2026-04-06T07:36:11 IST" skipped="0">
  <testcase classname="TestClasses.CreateNewAppointmentTest" name="createNewAppointment" time="11.696"/>
  <system-out>
    <![CDATA[Opening Browser for Test Execution 
Test Case Successfull]]>
  </system-out>
  <testcase classname="TestClasses.CreateNewAppointmentTest" name="createNewAppointment" time="11.906"/>
  <system-out>
    <![CDATA[Opening Browser for Test Execution 
Test Case Successfull]]>
  </system-out>
</testsuite> <!-- TestClasses.CreateNewAppointmentTest -->
