<?xml version="1.0" encoding="UTF-8"?>
<!-- Generated by org.testng.reporters.JUnitReportReporter -->
<testsuite hostname="KhuShbhuus-MacBook-Air.local" failures="0" tests="1" name="TestClasses.BookedAppointmentTest" time="36.065" errors="0" timestamp="2026-04-09T21:12:35 IST" skipped="0">
  <testcase classname="TestClasses.BookedAppointmentTest" name="verifyAppointmentHistory" time="36.065"/>
  <system-out>
    <![CDATA[Opening Browser for Test Execution 
Login Test Case Successfull
Appointment booked for date: 25/05/2026
Appointment booked for date: 30/05/2026
Total appointments found in history: 2
Comments verified successfully in History Page
Test Case Successfull]]>
  </system-out>
</testsuite> <!-- TestClasses.BookedAppointmentTest -->
