<?xml version="1.0" encoding="UTF-8"?>
<!-- Generated by org.testng.reporters.JUnitReportReporter -->
<testsuite hostname="KhuShbhuus-MacBook-Air.local" failures="0" tests="1" name="TestClasses.LogoutTest" time="11.619" errors="0" timestamp="2026-04-09T21:14:35 IST" skipped="0">
  <testcase classname="TestClasses.LogoutTest" name="logOut" time="11.619"/>
  <system-out>
    <![CDATA[Opening Browser for Test Execution 
Login Test Case Successfull
Test Case Successfull]]>
  </system-out>
</testsuite> <!-- TestClasses.LogoutTest -->
