<?xml version="1.0" encoding="UTF-8"?>
<!-- Generated by org.testng.reporters.JUnitReportReporter -->
<testsuite hostname="KhuShbhuus-MacBook-Air.local" failures="0" tests="1" name="TestClasses.LogoutTest" time="13.842" errors="0" timestamp="2026-04-09T15:46:11 IST" skipped="0">
  <testcase classname="TestClasses.LogoutTest" name="logOut" time="13.842"/>
  <system-out>
    <![CDATA[Opening Browser for Test Execution 
Login Test Case Successfull
Test Case Successfull]]>
  </system-out>
</testsuite> <!-- TestClasses.LogoutTest -->
