<?xml version="1.0" encoding="UTF-8"?>
<!-- Generated by org.testng.reporters.JUnitReportReporter -->
<testsuite hostname="KhuShbhuus-MacBook-Air.local" failures="0" tests="2" name="TestClasses.CreateNewAppointmentTest" time="35.556" errors="0" timestamp="2026-04-09T15:46:11 IST" skipped="0">
  <testcase classname="TestClasses.CreateNewAppointmentTest" name="createNewAppointment" time="19.339"/>
  <system-out>
    <![CDATA[Opening Browser for Test Execution 
Login Test Case Successfull
Test Case Successfull]]>
  </system-out>
  <testcase classname="TestClasses.CreateNewAppointmentTest" name="createNewAppointment" time="16.217"/>
  <system-out>
    <![CDATA[Opening Browser for Test Execution 
Login Test Case Successfull
Test Case Successfull]]>
  </system-out>
</testsuite> <!-- TestClasses.CreateNewAppointmentTest -->
