<?xml version="1.0" encoding="UTF-8"?>
<!-- Generated by org.testng.reporters.JUnitReportReporter -->
<testsuite hostname="KhuShbhuus-MacBook-Air.local" failures="0" tests="2" name="TestClasses.CreateNewAppointmentTest" time="29.300" errors="0" timestamp="2026-04-09T21:14:35 IST" skipped="0">
  <testcase classname="TestClasses.CreateNewAppointmentTest" name="createNewAppointment" time="15.206"/>
  <system-out>
    <![CDATA[Opening Browser for Test Execution 
Login Test Case Successfull
Test Case Successfull]]>
  </system-out>
  <testcase classname="TestClasses.CreateNewAppointmentTest" name="createNewAppointment" time="14.094"/>
  <system-out>
    <![CDATA[Opening Browser for Test Execution 
Login Test Case Successfull
Test Case Successfull]]>
  </system-out>
</testsuite> <!-- TestClasses.CreateNewAppointmentTest -->
